Vivado Simulator 2018.3
Copyright 1986-1999, 2001-2018 Xilinx, Inc. All Rights Reserved.
Running: C:/Xilinx/Vivado/2018.3/bin/unwrapped/win64.o/xelab.exe -wto 93481356d93445cfbceb54d46e0ec6a4 --incr --debug typical --relax --mt 2 -L xil_defaultlib -L secureip --snapshot top_module_behav xil_defaultlib.top_module -log elaborate.log 
Using 2 slave threads.
Starting static elaboration
Completed static elaboration
Starting simulation data flow analysis
Completed simulation data flow analysis
Time Resolution for simulation is 1ps
Compiling package std.standard
Compiling package std.textio
Compiling package ieee.std_logic_1164
Compiling package ieee.std_logic_arith
Compiling package ieee.std_logic_unsigned
Compiling package ieee.numeric_std
Compiling architecture behavioral of entity xil_defaultlib.registrador [registrador_default]
Compiling architecture behavioral of entity xil_defaultlib.logica [logica_default]
Compiling architecture behavioral of entity xil_defaultlib.clk_div [\clk_div(freq=5000000)\]
Compiling architecture behavioral of entity xil_defaultlib.clk_div [\clk_div(freq=500000)\]
Compiling architecture behavioral of entity xil_defaultlib.display_7_segmentos [display_7_segmentos_default]
Compiling architecture behavioral of entity xil_defaultlib.top_module
Built simulation snapshot top_module_behav
